[0404/182205.777:ERROR:process_reader_win.cc(242)] ReadMemory at 0x6bc10138 of 92 bytes failed: 仅完成部分的 ReadProcessMemory 或 WriteProcessMemory 请求。 (0x12B)
[0404/182205.797:WARNING:pe_image_reader.cc(247)] could not read version info from C:\WINDOWS\SYSTEM32\OLEACC.dll
[0404/182205.797:ERROR:process_reader_win.cc(242)] ReadMemory at 0x749e0000 of 64 bytes failed: 仅完成部分的 ReadProcessMemory 或 WriteProcessMemory 请求。 (0x12B)
[0404/182205.797:WARNING:pe_image_reader.cc(281)] could not read dos header from C:\WINDOWS\System32\WS2_32.dll
[0404/182205.797:ERROR:process_reader_win.cc(242)] ReadMemory at 0x73e50000 of 64 bytes failed: 仅完成部分的 ReadProcessMemory 或 WriteProcessMemory 请求。 (0x12B)
[0404/182205.797:WARNING:pe_image_reader.cc(281)] could not read dos header from C:\WINDOWS\SYSTEM32\NETAPI32.dll
[0404/182205.798:ERROR:process_reader_win.cc(242)] ReadMemory at 0x72300000 of 64 bytes failed: 仅完成部分的 ReadProcessMemory 或 WriteProcessMemory 请求。 (0x12B)
[0404/182205.798:WARNING:pe_image_reader.cc(281)] could not read dos header from C:\WINDOWS\SYSTEM32\NETUTILS.DLL
[0404/182205.798:ERROR:process_reader_win.cc(242)] ReadMemory at 0x732b0000 of 64 bytes failed: 仅完成部分的 ReadProcessMemory 或 WriteProcessMemory 请求。 (0x12B)
[0404/182205.798:WARNING:pe_image_reader.cc(281)] could not read dos header from C:\WINDOWS\SYSTEM32\bcrypt.dll
[0404/182205.798:ERROR:process_reader_win.cc(242)] ReadMemory at 0x72340000 of 64 bytes failed: 仅完成部分的 ReadProcessMemory 或 WriteProcessMemory 请求。 (0x12B)
[0404/182205.798:WARNING:pe_image_reader.cc(281)] could not read dos header from C:\WINDOWS\SYSTEM32\WKSCLI.DLL
[0404/182205.798:ERROR:process_reader_win.cc(242)] ReadMemory at 0x6b720000 of 64 bytes failed: 仅完成部分的 ReadProcessMemory 或 WriteProcessMemory 请求。 (0x12B)
[0404/182205.798:WARNING:pe_image_reader.cc(281)] could not read dos header from D:\Program Files (x86)\360\360Safe\safemon\safemon.dll
[0404/182205.798:ERROR:process_reader_win.cc(242)] ReadMemory at 0x56da0000 of 64 bytes failed: 仅完成部分的 ReadProcessMemory 或 WriteProcessMemory 请求。 (0x12B)
[0404/182205.798:WARNING:pe_image_reader.cc(281)] could not read dos header from D:\Program Files (x86)\360\360Safe\safemon\iNetSafe.dll
[0404/182205.798:ERROR:process_reader_win.cc(242)] ReadMemory at 0x76e80000 of 64 bytes failed: 仅完成部分的 ReadProcessMemory 或 WriteProcessMemory 请求。 (0x12B)
[0404/182205.798:WARNING:pe_image_reader.cc(281)] could not read dos header from C:\WINDOWS\System32\MSASN1.dll
[0404/182205.798:ERROR:process_reader_win.cc(242)] ReadMemory at 0x74bd0000 of 64 bytes failed: 仅完成部分的 ReadProcessMemory 或 WriteProcessMemory 请求。 (0x12B)
[0404/182205.798:WARNING:pe_image_reader.cc(281)] could not read dos header from C:\WINDOWS\System32\CRYPT32.dll
[0404/182205.799:ERROR:process_reader_win.cc(242)] ReadMemory at 0x775e0000 of 64 bytes failed: 仅完成部分的 ReadProcessMemory 或 WriteProcessMemory 请求。 (0x12B)
[0404/182205.799:WARNING:pe_image_reader.cc(281)] could not read dos header from C:\WINDOWS\System32\WINTRUST.dll
[0404/182205.799:ERROR:process_reader_win.cc(242)] ReadMemory at 0x6d8c0000 of 64 bytes failed: 仅完成部分的 ReadProcessMemory 或 WriteProcessMemory 请求。 (0x12B)
[0404/182205.799:WARNING:pe_image_reader.cc(281)] could not read dos header from C:\WINDOWS\WinSxS\x86_microsoft.windows.common-controls_6595b64144ccf1df_6.0.16299.125_none_5d79065fa7de350f\COMCTL32.dll
[0404/182205.799:ERROR:process_reader_win.cc(242)] ReadMemory at 0x748d0000 of 64 bytes failed: 仅完成部分的 ReadProcessMemory 或 WriteProcessMemory 请求。 (0x12B)
[0404/182205.799:WARNING:pe_image_reader.cc(281)] could not read dos header from C:\WINDOWS\System32\COMDLG32.dll
[0404/182205.799:ERROR:process_reader_win.cc(242)] ReadMemory at 0x72d30000 of 64 bytes failed: 仅完成部分的 ReadProcessMemory 或 WriteProcessMemory 请求。 (0x12B)
[0404/182205.799:WARNING:pe_image_reader.cc(281)] could not read dos header from C:\WINDOWS\SYSTEM32\dbghelp.dll
[0404/182205.799:ERROR:process_reader_win.cc(242)] ReadMemory at 0x6d470000 of 64 bytes failed: 仅完成部分的 ReadProcessMemory 或 WriteProcessMemory 请求。 (0x12B)
[0404/182205.799:WARNING:pe_image_reader.cc(281)] could not read dos header from C:\WINDOWS\SYSTEM32\USP10.dll
[0404/182205.799:ERROR:process_reader_win.cc(242)] ReadMemory at 0x73e70000 of 64 bytes failed: 仅完成部分的 ReadProcessMemory 或 WriteProcessMemory 请求。 (0x12B)
[0404/182205.799:WARNING:pe_image_reader.cc(281)] could not read dos header from C:\WINDOWS\SYSTEM32\IPHLPAPI.DLL
[0404/182205.799:ERROR:process_reader_win.cc(242)] ReadMemory at 0x70980000 of 64 bytes failed: 仅完成部分的 ReadProcessMemory 或 WriteProcessMemory 请求。 (0x12B)
[0404/182205.799:WARNING:pe_image_reader.cc(281)] could not read dos header from C:\WINDOWS\SYSTEM32\WINSPOOL.DRV
[0404/182205.799:ERROR:process_reader_win.cc(242)] ReadMemory at 0x70400000 of 64 bytes failed: 仅完成部分的 ReadProcessMemory 或 WriteProcessMemory 请求。 (0x12B)
[0404/182205.799:WARNING:pe_image_reader.cc(281)] could not read dos header from C:\WINDOWS\SYSTEM32\Secur32.dll
[0404/182205.799:ERROR:process_reader_win.cc(242)] ReadMemory at 0x6ca50000 of 64 bytes failed: 仅完成部分的 ReadProcessMemory 或 WriteProcessMemory 请求。 (0x12B)
[0404/182205.800:WARNING:pe_image_reader.cc(281)] could not read dos header from C:\WINDOWS\SYSTEM32\iertutil.dll
[0404/182205.800:ERROR:process_reader_win.cc(242)] ReadMemory at 0x744a0000 of 64 bytes failed: 仅完成部分的 ReadProcessMemory 或 WriteProcessMemory 请求。 (0x12B)
[0404/182205.800:WARNING:pe_image_reader.cc(281)] could not read dos header from C:\WINDOWS\System32\imagehlp.dll
[0404/182205.800:ERROR:process_reader_win.cc(242)] ReadMemory at 0x6cfb0000 of 64 bytes failed: 仅完成部分的 ReadProcessMemory 或 WriteProcessMemory 请求。 (0x12B)
[0404/182205.800:WARNING:pe_image_reader.cc(281)] could not read dos header from C:\WINDOWS\SYSTEM32\urlmon.dll
[0404/182205.800:ERROR:process_reader_win.cc(242)] ReadMemory at 0x63d10000 of 64 bytes failed: 仅完成部分的 ReadProcessMemory 或 WriteProcessMemory 请求。 (0x12B)
[0404/182205.800:WARNING:pe_image_reader.cc(281)] could not read dos header from C:\WINDOWS\SYSTEM32\DWrite.dll
[0404/182205.800:ERROR:process_reader_win.cc(242)] ReadMemory at 0xf1d0000 of 64 bytes failed: 仅完成部分的 ReadProcessMemory 或 WriteProcessMemory 请求。 (0x12B)
[0404/182205.800:WARNING:pe_image_reader.cc(281)] could not read dos header from C:\Program Files (x86)\Google\Chrome\Application\62.0.3202.62\chrome_child.dll
[0404/182205.800:ERROR:process_reader_win.cc(242)] ReadMemory at 0x63c80000 of 64 bytes failed: 仅完成部分的 ReadProcessMemory 或 WriteProcessMemory 请求。 (0x12B)
[0404/182205.800:WARNING:pe_image_reader.cc(281)] could not read dos header from C:\WINDOWS\SYSTEM32\mf.dll
[0404/182205.800:ERROR:process_reader_win.cc(242)] ReadMemory at 0x621f0000 of 64 bytes failed: 仅完成部分的 ReadProcessMemory 或 WriteProcessMemory 请求。 (0x12B)
[0404/182205.800:WARNING:pe_image_reader.cc(281)] could not read dos header from C:\WINDOWS\SYSTEM32\MFPlat.DLL
[0404/182205.800:ERROR:process_reader_win.cc(242)] ReadMemory at 0x67cc0000 of 64 bytes failed: 仅完成部分的 ReadProcessMemory 或 WriteProcessMemory 请求。 (0x12B)
[0404/182205.800:WARNING:pe_image_reader.cc(281)] could not read dos header from C:\WINDOWS\SYSTEM32\RTWorkQ.DLL
[0404/182205.800:ERROR:process_reader_win.cc(242)] ReadMemory at 0x61eb0000 of 64 bytes failed: 仅完成部分的 ReadProcessMemory 或 WriteProcessMemory 请求。 (0x12B)
[0404/182205.800:WARNING:pe_image_reader.cc(281)] could not read dos header from C:\WINDOWS\SYSTEM32\mfperfhelper.dll
[0404/182205.800:ERROR:process_reader_win.cc(242)] ReadMemory at 0x73450000 of 64 bytes failed: 仅完成部分的 ReadProcessMemory 或 WriteProcessMemory 请求。 (0x12B)
[0404/182205.801:WARNING:pe_image_reader.cc(281)] could not read dos header from C:\WINDOWS\SYSTEM32\cryptsp.dll
[0404/182205.801:ERROR:process_reader_win.cc(242)] ReadMemory at 0x61fc0000 of 64 bytes failed: 仅完成部分的 ReadProcessMemory 或 WriteProcessMemory 请求。 (0x12B)
[0404/182205.801:WARNING:pe_image_reader.cc(281)] could not read dos header from C:\WINDOWS\SYSTEM32\msmpeg2vdec.dll
[0404/182205.801:ERROR:process_reader_win.cc(242)] ReadMemory at 0x72630000 of 64 bytes failed: 仅完成部分的 ReadProcessMemory 或 WriteProcessMemory 请求。 (0x12B)
[0404/182205.801:WARNING:pe_image_reader.cc(281)] could not read dos header from C:\WINDOWS\SYSTEM32\dxva2.dll
[0404/182205.801:ERROR:process_reader_win.cc(242)] ReadMemory at 0x67ca0000 of 64 bytes failed: 仅完成部分的 ReadProcessMemory 或 WriteProcessMemory 请求。 (0x12B)
[0404/182205.801:WARNING:pe_image_reader.cc(281)] could not read dos header from C:\WINDOWS\SYSTEM32\CompPkgSup.DLL
[0404/182205.801:ERROR:process_reader_win.cc(242)] ReadMemory at 0x61da0000 of 64 bytes failed: 仅完成部分的 ReadProcessMemory 或 WriteProcessMemory 请求。 (0x12B)
[0404/182205.801:WARNING:pe_image_reader.cc(281)] could not read dos header from C:\WINDOWS\SYSTEM32\msvproc.dll
[0404/182205.801:ERROR:process_reader_win.cc(242)] ReadMemory at 0x614c0000 of 64 bytes failed: 仅完成部分的 ReadProcessMemory 或 WriteProcessMemory 请求。 (0x12B)
[0404/182205.801:WARNING:pe_image_reader.cc(281)] could not read dos header from C:\WINDOWS\SYSTEM32\D3DCompiler_47.dll
[0404/182205.801:ERROR:process_reader_win.cc(242)] ReadMemory at 0x722b0000 of 64 bytes failed: 仅完成部分的 ReadProcessMemory 或 WriteProcessMemory 请求。 (0x12B)
[0404/182205.801:WARNING:pe_image_reader.cc(281)] could not read dos header from C:\WINDOWS\SYSTEM32\dwmapi.dll
[0404/182205.801:ERROR:process_reader_win.cc(242)] ReadMemory at 0x6d510000 of 64 bytes failed: 仅完成部分的 ReadProcessMemory 或 WriteProcessMemory 请求。 (0x12B)
[0404/182205.801:WARNING:pe_image_reader.cc(281)] could not read dos header from C:\WINDOWS\SYSTEM32\d3d9.dll
[0404/182205.801:ERROR:process_reader_win.cc(242)] ReadMemory at 0x611c0000 of 64 bytes failed: 仅完成部分的 ReadProcessMemory 或 WriteProcessMemory 请求。 (0x12B)
[0404/182205.802:WARNING:pe_image_reader.cc(281)] could not read dos header from C:\Program Files (x86)\Google\Chrome\Application\62.0.3202.62\libglesv2.dll
[0404/182205.802:ERROR:process_reader_win.cc(242)] ReadMemory at 0x64150000 of 64 bytes failed: 仅完成部分的 ReadProcessMemory 或 WriteProcessMemory 请求。 (0x12B)
[0404/182205.802:WARNING:pe_image_reader.cc(281)] could not read dos header from C:\Program Files (x86)\Google\Chrome\Application\62.0.3202.62\libegl.dll
[0404/182205.802:ERROR:process_reader_win.cc(242)] ReadMemory at 0x708e0000 of 64 bytes failed: 仅完成部分的 ReadProcessMemory 或 WriteProcessMemory 请求。 (0x12B)
[0404/182205.802:WARNING:pe_image_reader.cc(281)] could not read dos header from C:\WINDOWS\SYSTEM32\dxgi.dll
[0404/182205.802:ERROR:process_reader_win.cc(242)] ReadMemory at 0x6d680000 of 64 bytes failed: 仅完成部分的 ReadProcessMemory 或 WriteProcessMemory 请求。 (0x12B)
[0404/182205.802:WARNING:pe_image_reader.cc(281)] could not read dos header from C:\WINDOWS\SYSTEM32\d3d11.dll
[0404/182205.802:ERROR:process_reader_win.cc(242)] ReadMemory at 0x6c270000 of 64 bytes failed: 仅完成部分的 ReadProcessMemory 或 WriteProcessMemory 请求。 (0x12B)
[0404/182205.802:WARNING:pe_image_reader.cc(281)] could not read dos header from C:\WINDOWS\SYSTEM32\dcomp.dll
[0404/182205.802:ERROR:process_reader_win.cc(242)] ReadMemory at 0x6dbb0000 of 64 bytes failed: 仅完成部分的 ReadProcessMemory 或 WriteProcessMemory 请求。 (0x12B)
[0404/182205.802:WARNING:pe_image_reader.cc(281)] could not read dos header from C:\WINDOWS\SYSTEM32\NTASN1.dll
[0404/182205.802:ERROR:process_reader_win.cc(242)] ReadMemory at 0x6dbe0000 of 64 bytes failed: 仅完成部分的 ReadProcessMemory 或 WriteProcessMemory 请求。 (0x12B)
[0404/182205.802:WARNING:pe_image_reader.cc(281)] could not read dos header from C:\WINDOWS\SYSTEM32\ncrypt.dll
[0404/182205.802:ERROR:process_reader_win.cc(242)] ReadMemory at 0x5ffe0000 of 64 bytes failed: 仅完成部分的 ReadProcessMemory 或 WriteProcessMemory 请求。 (0x12B)
[0404/182205.802:WARNING:pe_image_reader.cc(281)] could not read dos header from C:\WINDOWS\System32\DriverStore\FileRepository\ki121026.inf_amd64_d9c66a7a4ae5623d\igd10iumd32.dll
[0404/182205.802:ERROR:process_reader_win.cc(242)] ReadMemory at 0x5b5d0000 of 64 bytes failed: 仅完成部分的 ReadProcessMemory 或 WriteProcessMemory 请求。 (0x12B)
[0404/182205.802:WARNING:pe_image_reader.cc(281)] could not read dos header from C:\WINDOWS\System32\DriverStore\FileRepository\ki121026.inf_amd64_d9c66a7a4ae5623d\igc32.dll
[0404/182205.803:ERROR:process_reader_win.cc(242)] ReadMemory at 0x74d60000 of 64 bytes failed: 仅完成部分的 ReadProcessMemory 或 WriteProcessMemory 请求。 (0x12B)
[0404/182205.803:WARNING:pe_image_reader.cc(281)] could not read dos header from C:\WINDOWS\System32\SETUPAPI.dll
[0404/182205.803:ERROR:process_reader_win.cc(242)] ReadMemory at 0x12160000 of 64 bytes failed: 仅完成部分的 ReadProcessMemory 或 WriteProcessMemory 请求。 (0x12B)
[0404/182205.803:WARNING:pe_image_reader.cc(281)] could not read dos header from C:\WINDOWS\System32\DriverStore\FileRepository\ki121026.inf_amd64_d9c66a7a4ae5623d\igd11dxva32.dll
[0404/182205.803:ERROR:process_reader_win.cc(242)] ReadMemory at 0x77490000 of 64 bytes failed: 仅完成部分的 ReadProcessMemory 或 WriteProcessMemory 请求。 (0x12B)
[0404/182205.803:WARNING:pe_image_reader.cc(281)] could not read dos header from C:\WINDOWS\System32\clbcatq.dll
[0404/182205.803:ERROR:process_reader_win.cc(242)] ReadMemory at 0x61b80000 of 64 bytes failed: 仅完成部分的 ReadProcessMemory 或 WriteProcessMemory 请求。 (0x12B)
[0404/182205.803:WARNING:pe_image_reader.cc(281)] could not read dos header from C:\Windows\System32\mfh264enc.dll
[0404/182205.803:ERROR:process_reader_win.cc(242)] ReadMemory at 0x6dae0000 of 64 bytes failed: 仅完成部分的 ReadProcessMemory 或 WriteProcessMemory 请求。 (0x12B)
[0404/182205.803:WARNING:pe_image_reader.cc(281)] could not read dos header from C:\WINDOWS\system32\uxtheme.dll
[0404/182205.803:ERROR:process_reader_win.cc(242)] ReadMemory at 0x77630000 of 64 bytes failed: 仅完成部分的 ReadProcessMemory 或 WriteProcessMemory 请求。 (0x12B)
[0404/182205.803:WARNING:pe_image_reader.cc(281)] could not read dos header from C:\WINDOWS\System32\MSCTF.dll
[0404/182205.803:ERROR:process_reader_win.cc(242)] ReadMemory at 0x1120000 of 64 bytes failed: 仅完成部分的 ReadProcessMemory 或 WriteProcessMemory 请求。 (0x12B)
[0404/182205.803:WARNING:pe_image_reader.cc(281)] could not read dos header from C:\Program Files (x86)\Google\Chrome\Application\chrome.exe
[0404/182205.803:ERROR:process_reader_win.cc(242)] ReadMemory at 0x77780000 of 64 bytes failed: 仅完成部分的 ReadProcessMemory 或 WriteProcessMemory 请求。 (0x12B)
[0404/182205.803:WARNING:pe_image_reader.cc(281)] could not read dos header from C:\WINDOWS\SYSTEM32\ntdll.dll
[0404/182205.803:ERROR:process_reader_win.cc(242)] ReadMemory at 0x746e0000 of 64 bytes failed: 仅完成部分的 ReadProcessMemory 或 WriteProcessMemory 请求。 (0x12B)
[0404/182205.804:WARNING:pe_image_reader.cc(281)] could not read dos header from C:\WINDOWS\System32\KERNELBASE.dll
[0404/182205.804:ERROR:process_reader_win.cc(242)] ReadMemory at 0x74610000 of 64 bytes failed: 仅完成部分的 ReadProcessMemory 或 WriteProcessMemory 请求。 (0x12B)
[0404/182205.804:WARNING:pe_image_reader.cc(281)] could not read dos header from C:\WINDOWS\System32\KERNEL32.DLL
[0404/182205.804:ERROR:process_reader_win.cc(242)] ReadMemory at 0x73d40000 of 64 bytes failed: 仅完成部分的 ReadProcessMemory 或 WriteProcessMemory 请求。 (0x12B)
[0404/182205.804:WARNING:pe_image_reader.cc(281)] could not read dos header from C:\WINDOWS\SYSTEM32\apphelp.dll
[0404/182205.804:ERROR:process_reader_win.cc(242)] ReadMemory at 0x76dc0000 of 64 bytes failed: 仅完成部分的 ReadProcessMemory 或 WriteProcessMemory 请求。 (0x12B)
[0404/182205.804:WARNING:pe_image_reader.cc(281)] could not read dos header from C:\WINDOWS\System32\msvcrt.dll
[0404/182205.804:ERROR:process_reader_win.cc(242)] ReadMemory at 0x74180000 of 64 bytes failed: 仅完成部分的 ReadProcessMemory 或 WriteProcessMemory 请求。 (0x12B)
[0404/182205.804:WARNING:pe_image_reader.cc(281)] could not read dos header from C:\WINDOWS\SYSTEM32\VERSION.dll
[0404/182205.804:ERROR:process_reader_win.cc(242)] ReadMemory at 0x5d660000 of 64 bytes failed: 仅完成部分的 ReadProcessMemory 或 WriteProcessMemory 请求。 (0x12B)
[0404/182205.804:WARNING:pe_image_reader.cc(281)] could not read dos header from C:\Program Files (x86)\Google\Chrome\Application\62.0.3202.62\chrome_elf.dll
[0404/182205.804:ERROR:process_reader_win.cc(242)] ReadMemory at 0x77160000 of 64 bytes failed: 仅完成部分的 ReadProcessMemory 或 WriteProcessMemory 请求。 (0x12B)
[0404/182205.804:WARNING:pe_image_reader.cc(281)] could not read dos header from C:\WINDOWS\System32\bcryptPrimitives.dll
[0404/182205.804:ERROR:process_reader_win.cc(242)] ReadMemory at 0x74190000 of 64 bytes failed: 仅完成部分的 ReadProcessMemory 或 WriteProcessMemory 请求。 (0x12B)
[0404/182205.804:WARNING:pe_image_reader.cc(281)] could not read dos header from C:\WINDOWS\System32\CRYPTBASE.dll
[0404/182205.804:ERROR:process_reader_win.cc(242)] ReadMemory at 0x741a0000 of 64 bytes failed: 仅完成部分的 ReadProcessMemory 或 WriteProcessMemory 请求。 (0x12B)
[0404/182205.805:WARNING:pe_image_reader.cc(281)] could not read dos header from C:\WINDOWS\System32\SspiCli.dll
[0404/182205.805:ERROR:process_reader_win.cc(242)] ReadMemory at 0x76d00000 of 64 bytes failed: 仅完成部分的 ReadProcessMemory 或 WriteProcessMemory 请求。 (0x12B)
[0404/182205.805:WARNING:pe_image_reader.cc(281)] could not read dos header from C:\WINDOWS\System32\RPCRT4.dll
[0404/182205.805:ERROR:process_reader_win.cc(242)] ReadMemory at 0x74560000 of 64 bytes failed: 仅完成部分的 ReadProcessMemory 或 WriteProcessMemory 请求。 (0x12B)
[0404/182205.805:WARNING:pe_image_reader.cc(281)] could not read dos header from C:\WINDOWS\System32\sechost.dll
[0404/182205.805:ERROR:process_reader_win.cc(242)] ReadMemory at 0x741c0000 of 64 bytes failed: 仅完成部分的 ReadProcessMemory 或 WriteProcessMemory 请求。 (0x12B)
[0404/182205.805:WARNING:pe_image_reader.cc(281)] could not read dos header from C:\WINDOWS\System32\ADVAPI32.dll
[0404/182205.805:ERROR:process_reader_win.cc(242)] ReadMemory at 0x74490000 of 64 bytes failed: 仅完成部分的 ReadProcessMemory 或 WriteProcessMemory 请求。 (0x12B)
[0404/182205.805:WARNING:pe_image_reader.cc(281)] could not read dos header from C:\WINDOWS\System32\PSAPI.DLL
[0404/182205.805:ERROR:process_reader_win.cc(242)] ReadMemory at 0x771c0000 of 64 bytes failed: 仅完成部分的 ReadProcessMemory 或 WriteProcessMemory 请求。 (0x12B)
[0404/182205.805:WARNING:pe_image_reader.cc(281)] could not read dos header from C:\WINDOWS\System32\ucrtbase.dll
[0404/182205.805:ERROR:process_reader_win.cc(242)] ReadMemory at 0x77520000 of 64 bytes failed: 仅完成部分的 ReadProcessMemory 或 WriteProcessMemory 请求。 (0x12B)
[0404/182205.805:WARNING:pe_image_reader.cc(281)] could not read dos header from C:\WINDOWS\System32\cfgmgr32.dll
[0404/182205.805:ERROR:process_reader_win.cc(242)] ReadMemory at 0x74240000 of 64 bytes failed: 仅完成部分的 ReadProcessMemory 或 WriteProcessMemory 请求。 (0x12B)
[0404/182205.805:WARNING:pe_image_reader.cc(281)] could not read dos header from C:\WINDOWS\System32\combase.dll
[0404/182205.805:ERROR:process_reader_win.cc(242)] ReadMemory at 0x75190000 of 64 bytes failed: 仅完成部分的 ReadProcessMemory 或 WriteProcessMemory 请求。 (0x12B)
[0404/182205.805:WARNING:pe_image_reader.cc(281)] could not read dos header from C:\WINDOWS\System32\shcore.dll
[0404/182205.805:ERROR:process_reader_win.cc(242)] ReadMemory at 0x74b50000 of 64 bytes failed: 仅完成部分的 ReadProcessMemory 或 WriteProcessMemory 请求。 (0x12B)
[0404/182205.806:WARNING:pe_image_reader.cc(281)] could not read dos header from C:\WINDOWS\System32\msvcp_win.dll
[0404/182205.806:ERROR:process_reader_win.cc(242)] ReadMemory at 0x75890000 of 64 bytes failed: 仅完成部分的 ReadProcessMemory 或 WriteProcessMemory 请求。 (0x12B)
[0404/182205.806:WARNING:pe_image_reader.cc(281)] could not read dos header from C:\WINDOWS\System32\win32u.dll
[0404/182205.806:ERROR:process_reader_win.cc(242)] ReadMemory at 0x772e0000 of 64 bytes failed: 仅完成部分的 ReadProcessMemory 或 WriteProcessMemory 请求。 (0x12B)
[0404/182205.806:WARNING:pe_image_reader.cc(281)] could not read dos header from C:\WINDOWS\System32\USER32.dll
[0404/182205.806:ERROR:process_reader_win.cc(242)] ReadMemory at 0x76e90000 of 64 bytes failed: 仅完成部分的 ReadProcessMemory 或 WriteProcessMemory 请求。 (0x12B)
[0404/182205.806:WARNING:pe_image_reader.cc(281)] could not read dos header from C:\WINDOWS\System32\gdi32full.dll
[0404/182205.806:ERROR:process_reader_win.cc(242)] ReadMemory at 0x77460000 of 64 bytes failed: 仅完成部分的 ReadProcessMemory 或 WriteProcessMemory 请求。 (0x12B)
[0404/182205.806:WARNING:pe_image_reader.cc(281)] could not read dos header from C:\WINDOWS\System32\GDI32.dll
[0404/182205.806:ERROR:process_reader_win.cc(242)] ReadMemory at 0x749b0000 of 64 bytes failed: 仅完成部分的 ReadProcessMemory 或 WriteProcessMemory 请求。 (0x12B)
[0404/182205.806:WARNING:pe_image_reader.cc(281)] could not read dos header from C:\WINDOWS\System32\IMM32.DLL
[0404/182205.806:ERROR:process_reader_win.cc(242)] ReadMemory at 0x75910000 of 64 bytes failed: 仅完成部分的 ReadProcessMemory 或 WriteProcessMemory 请求。 (0x12B)
[0404/182205.806:WARNING:pe_image_reader.cc(281)] could not read dos header from C:\WINDOWS\System32\shlwapi.dll
[0404/182205.806:ERROR:process_reader_win.cc(242)] ReadMemory at 0x75880000 of 64 bytes failed: 仅完成部分的 ReadProcessMemory 或 WriteProcessMemory 请求。 (0x12B)
[0404/182205.806:WARNING:pe_image_reader.cc(281)] could not read dos header from C:\WINDOWS\System32\kernel.appcore.dll
[0404/182205.806:ERROR:process_reader_win.cc(242)] ReadMemory at 0x76cb0000 of 64 bytes failed: 仅完成部分的 ReadProcessMemory 或 WriteProcessMemory 请求。 (0x12B)
[0404/182205.806:WARNING:pe_image_reader.cc(281)] could not read dos header from C:\WINDOWS\System32\powrprof.dll
[0404/182205.806:ERROR:process_reader_win.cc(242)] ReadMemory at 0x775c0000 of 64 bytes failed: 仅完成部分的 ReadProcessMemory 或 WriteProcessMemory 请求。 (0x12B)
[0404/182205.807:WARNING:pe_image_reader.cc(281)] could not read dos header from C:\WINDOWS\System32\profapi.dll
[0404/182205.807:ERROR:process_reader_win.cc(242)] ReadMemory at 0x752b0000 of 64 bytes failed: 仅完成部分的 ReadProcessMemory 或 WriteProcessMemory 请求。 (0x12B)
[0404/182205.807:WARNING:pe_image_reader.cc(281)] could not read dos header from C:\WINDOWS\System32\windows.storage.dll
[0404/182205.807:ERROR:process_reader_win.cc(242)] ReadMemory at 0x75960000 of 64 bytes failed: 仅完成部分的 ReadProcessMemory 或 WriteProcessMemory 请求。 (0x12B)
[0404/182205.807:WARNING:pe_image_reader.cc(281)] could not read dos header from C:\WINDOWS\System32\SHELL32.dll
[0404/182205.807:ERROR:process_reader_win.cc(242)] ReadMemory at 0x72470000 of 64 bytes failed: 仅完成部分的 ReadProcessMemory 或 WriteProcessMemory 请求。 (0x12B)
[0404/182205.807:WARNING:pe_image_reader.cc(281)] could not read dos header from C:\WINDOWS\SYSTEM32\WINMMBASE.dll
[0404/182205.807:ERROR:process_reader_win.cc(242)] ReadMemory at 0x72a10000 of 64 bytes failed: 仅完成部分的 ReadProcessMemory 或 WriteProcessMemory 请求。 (0x12B)
[0404/182205.807:WARNING:pe_image_reader.cc(281)] could not read dos header from C:\WINDOWS\SYSTEM32\WINMM.dll
[0404/182205.807:ERROR:process_reader_win.cc(242)] ReadMemory at 0x74140000 of 64 bytes failed: 仅完成部分的 ReadProcessMemory 或 WriteProcessMemory 请求。 (0x12B)
[0404/182205.807:WARNING:pe_image_reader.cc(281)] could not read dos header from C:\WINDOWS\SYSTEM32\USERENV.dll
[0404/182205.807:ERROR:process_reader_win.cc(242)] ReadMemory at 0x73000000 of 64 bytes failed: 仅完成部分的 ReadProcessMemory 或 WriteProcessMemory 请求。 (0x12B)
[0404/182205.807:WARNING:pe_image_reader.cc(281)] could not read dos header from C:\WINDOWS\SYSTEM32\WINHTTP.dll
[0404/182205.807:ERROR:process_reader_win.cc(242)] ReadMemory at 0x74a50000 of 64 bytes failed: 仅完成部分的 ReadProcessMemory 或 WriteProcessMemory 请求。 (0x12B)
[0404/182205.807:WARNING:pe_image_reader.cc(281)] could not read dos header from C:\WINDOWS\System32\ole32.dll
[0404/182205.807:ERROR:process_reader_win.cc(242)] ReadMemory at 0x744c0000 of 64 bytes failed: 仅完成部分的 ReadProcessMemory 或 WriteProcessMemory 请求。 (0x12B)
[0404/182205.807:WARNING:pe_image_reader.cc(281)] could not read dos header from C:\WINDOWS\System32\OLEAUT32.dll
[0404/182205.807:ERROR:process_reader_win.cc(242)] ReadMemory at 0x6bbc0000 of 64 bytes failed: 仅完成部分的 ReadProcessMemory 或 WriteProcessMemory 请求。 (0x12B)
[0404/182205.808:WARNING:pe_image_reader.cc(281)] could not read dos header from C:\WINDOWS\SYSTEM32\OLEACC.dll
[0404/182205.808:ERROR:process_reader_win.cc(242)] ReadMemory at 0x749e0000 of 64 bytes failed: 仅完成部分的 ReadProcessMemory 或 WriteProcessMemory 请求。 (0x12B)
[0404/182205.808:WARNING:pe_image_reader.cc(281)] could not read dos header from C:\WINDOWS\System32\WS2_32.dll
[0404/182205.808:ERROR:process_reader_win.cc(242)] ReadMemory at 0x73e50000 of 64 bytes failed: 仅完成部分的 ReadProcessMemory 或 WriteProcessMemory 请求。 (0x12B)
[0404/182205.808:WARNING:pe_image_reader.cc(281)] could not read dos header from C:\WINDOWS\SYSTEM32\NETAPI32.dll
[0404/182205.808:ERROR:process_reader_win.cc(242)] ReadMemory at 0x72300000 of 64 bytes failed: 仅完成部分的 ReadProcessMemory 或 WriteProcessMemory 请求。 (0x12B)
[0404/182205.808:WARNING:pe_image_reader.cc(281)] could not read dos header from C:\WINDOWS\SYSTEM32\NETUTILS.DLL
[0404/182205.808:ERROR:process_reader_win.cc(242)] ReadMemory at 0x732b0000 of 64 bytes failed: 仅完成部分的 ReadProcessMemory 或 WriteProcessMemory 请求。 (0x12B)
[0404/182205.808:WARNING:pe_image_reader.cc(281)] could not read dos header from C:\WINDOWS\SYSTEM32\bcrypt.dll
[0404/182205.808:ERROR:process_reader_win.cc(242)] ReadMemory at 0x72340000 of 64 bytes failed: 仅完成部分的 ReadProcessMemory 或 WriteProcessMemory 请求。 (0x12B)
[0404/182205.808:WARNING:pe_image_reader.cc(281)] could not read dos header from C:\WINDOWS\SYSTEM32\WKSCLI.DLL
[0404/182205.808:ERROR:process_reader_win.cc(242)] ReadMemory at 0x6b720000 of 64 bytes failed: 仅完成部分的 ReadProcessMemory 或 WriteProcessMemory 请求。 (0x12B)
[0404/182205.808:WARNING:pe_image_reader.cc(281)] could not read dos header from D:\Program Files (x86)\360\360Safe\safemon\safemon.dll
[0404/182205.808:ERROR:process_reader_win.cc(242)] ReadMemory at 0x56da0000 of 64 bytes failed: 仅完成部分的 ReadProcessMemory 或 WriteProcessMemory 请求。 (0x12B)
[0404/182205.808:WARNING:pe_image_reader.cc(281)] could not read dos header from D:\Program Files (x86)\360\360Safe\safemon\iNetSafe.dll
[0404/182205.808:ERROR:process_reader_win.cc(242)] ReadMemory at 0x76e80000 of 64 bytes failed: 仅完成部分的 ReadProcessMemory 或 WriteProcessMemory 请求。 (0x12B)
[0404/182205.808:WARNING:pe_image_reader.cc(281)] could not read dos header from C:\WINDOWS\System32\MSASN1.dll
[0404/182205.808:ERROR:process_reader_win.cc(242)] ReadMemory at 0x74bd0000 of 64 bytes failed: 仅完成部分的 ReadProcessMemory 或 WriteProcessMemory 请求。 (0x12B)
[0404/182205.809:WARNING:pe_image_reader.cc(281)] could not read dos header from C:\WINDOWS\System32\CRYPT32.dll
[0404/182205.809:ERROR:process_reader_win.cc(242)] ReadMemory at 0x775e0000 of 64 bytes failed: 仅完成部分的 ReadProcessMemory 或 WriteProcessMemory 请求。 (0x12B)
[0404/182205.809:WARNING:pe_image_reader.cc(281)] could not read dos header from C:\WINDOWS\System32\WINTRUST.dll
[0404/182205.809:ERROR:process_reader_win.cc(242)] ReadMemory at 0x6d8c0000 of 64 bytes failed: 仅完成部分的 ReadProcessMemory 或 WriteProcessMemory 请求。 (0x12B)
[0404/182205.809:WARNING:pe_image_reader.cc(281)] could not read dos header from C:\WINDOWS\WinSxS\x86_microsoft.windows.common-controls_6595b64144ccf1df_6.0.16299.125_none_5d79065fa7de350f\COMCTL32.dll
[0404/182205.809:ERROR:process_reader_win.cc(242)] ReadMemory at 0x748d0000 of 64 bytes failed: 仅完成部分的 ReadProcessMemory 或 WriteProcessMemory 请求。 (0x12B)
[0404/182205.809:WARNING:pe_image_reader.cc(281)] could not read dos header from C:\WINDOWS\System32\COMDLG32.dll
[0404/182205.809:ERROR:process_reader_win.cc(242)] ReadMemory at 0x72d30000 of 64 bytes failed: 仅完成部分的 ReadProcessMemory 或 WriteProcessMemory 请求。 (0x12B)
[0404/182205.809:WARNING:pe_image_reader.cc(281)] could not read dos header from C:\WINDOWS\SYSTEM32\dbghelp.dll
[0404/182205.809:ERROR:process_reader_win.cc(242)] ReadMemory at 0x6d470000 of 64 bytes failed: 仅完成部分的 ReadProcessMemory 或 WriteProcessMemory 请求。 (0x12B)
[0404/182205.809:WARNING:pe_image_reader.cc(281)] could not read dos header from C:\WINDOWS\SYSTEM32\USP10.dll
[0404/182205.809:ERROR:process_reader_win.cc(242)] ReadMemory at 0x73e70000 of 64 bytes failed: 仅完成部分的 ReadProcessMemory 或 WriteProcessMemory 请求。 (0x12B)
[0404/182205.809:WARNING:pe_image_reader.cc(281)] could not read dos header from C:\WINDOWS\SYSTEM32\IPHLPAPI.DLL
[0404/182205.809:ERROR:process_reader_win.cc(242)] ReadMemory at 0x70980000 of 64 bytes failed: 仅完成部分的 ReadProcessMemory 或 WriteProcessMemory 请求。 (0x12B)
[0404/182205.809:WARNING:pe_image_reader.cc(281)] could not read dos header from C:\WINDOWS\SYSTEM32\WINSPOOL.DRV
[0404/182205.809:ERROR:process_reader_win.cc(242)] ReadMemory at 0x70400000 of 64 bytes failed: 仅完成部分的 ReadProcessMemory 或 WriteProcessMemory 请求。 (0x12B)
[0404/182205.809:WARNING:pe_image_reader.cc(281)] could not read dos header from C:\WINDOWS\SYSTEM32\Secur32.dll
[0404/182205.809:ERROR:process_reader_win.cc(242)] ReadMemory at 0x6ca50000 of 64 bytes failed: 仅完成部分的 ReadProcessMemory 或 WriteProcessMemory 请求。 (0x12B)
[0404/182205.810:WARNING:pe_image_reader.cc(281)] could not read dos header from C:\WINDOWS\SYSTEM32\iertutil.dll
[0404/182205.810:ERROR:process_reader_win.cc(242)] ReadMemory at 0x744a0000 of 64 bytes failed: 仅完成部分的 ReadProcessMemory 或 WriteProcessMemory 请求。 (0x12B)
[0404/182205.810:WARNING:pe_image_reader.cc(281)] could not read dos header from C:\WINDOWS\System32\imagehlp.dll
[0404/182205.810:ERROR:process_reader_win.cc(242)] ReadMemory at 0x6cfb0000 of 64 bytes failed: 仅完成部分的 ReadProcessMemory 或 WriteProcessMemory 请求。 (0x12B)
[0404/182205.810:WARNING:pe_image_reader.cc(281)] could not read dos header from C:\WINDOWS\SYSTEM32\urlmon.dll
[0404/182205.810:ERROR:process_reader_win.cc(242)] ReadMemory at 0x63d10000 of 64 bytes failed: 仅完成部分的 ReadProcessMemory 或 WriteProcessMemory 请求。 (0x12B)
[0404/182205.810:WARNING:pe_image_reader.cc(281)] could not read dos header from C:\WINDOWS\SYSTEM32\DWrite.dll
[0404/182205.810:ERROR:process_reader_win.cc(242)] ReadMemory at 0xf1d0000 of 64 bytes failed: 仅完成部分的 ReadProcessMemory 或 WriteProcessMemory 请求。 (0x12B)
[0404/182205.810:WARNING:pe_image_reader.cc(281)] could not read dos header from C:\Program Files (x86)\Google\Chrome\Application\62.0.3202.62\chrome_child.dll
[0404/182205.810:ERROR:process_reader_win.cc(242)] ReadMemory at 0x63c80000 of 64 bytes failed: 仅完成部分的 ReadProcessMemory 或 WriteProcessMemory 请求。 (0x12B)
[0404/182205.810:WARNING:pe_image_reader.cc(281)] could not read dos header from C:\WINDOWS\SYSTEM32\mf.dll
[0404/182205.810:ERROR:process_reader_win.cc(242)] ReadMemory at 0x621f0000 of 64 bytes failed: 仅完成部分的 ReadProcessMemory 或 WriteProcessMemory 请求。 (0x12B)
[0404/182205.810:WARNING:pe_image_reader.cc(281)] could not read dos header from C:\WINDOWS\SYSTEM32\MFPlat.DLL
[0404/182205.810:ERROR:process_reader_win.cc(242)] ReadMemory at 0x67cc0000 of 64 bytes failed: 仅完成部分的 ReadProcessMemory 或 WriteProcessMemory 请求。 (0x12B)
[0404/182205.810:WARNING:pe_image_reader.cc(281)] could not read dos header from C:\WINDOWS\SYSTEM32\RTWorkQ.DLL
[0404/182205.810:ERROR:process_reader_win.cc(242)] ReadMemory at 0x61eb0000 of 64 bytes failed: 仅完成部分的 ReadProcessMemory 或 WriteProcessMemory 请求。 (0x12B)
[0404/182205.810:WARNING:pe_image_reader.cc(281)] could not read dos header from C:\WINDOWS\SYSTEM32\mfperfhelper.dll
[0404/182205.811:ERROR:process_reader_win.cc(242)] ReadMemory at 0x73450000 of 64 bytes failed: 仅完成部分的 ReadProcessMemory 或 WriteProcessMemory 请求。 (0x12B)
[0404/182205.811:WARNING:pe_image_reader.cc(281)] could not read dos header from C:\WINDOWS\SYSTEM32\cryptsp.dll
[0404/182205.811:ERROR:process_reader_win.cc(242)] ReadMemory at 0x61fc0000 of 64 bytes failed: 仅完成部分的 ReadProcessMemory 或 WriteProcessMemory 请求。 (0x12B)
[0404/182205.811:WARNING:pe_image_reader.cc(281)] could not read dos header from C:\WINDOWS\SYSTEM32\msmpeg2vdec.dll
[0404/182205.811:ERROR:process_reader_win.cc(242)] ReadMemory at 0x72630000 of 64 bytes failed: 仅完成部分的 ReadProcessMemory 或 WriteProcessMemory 请求。 (0x12B)
[0404/182205.811:WARNING:pe_image_reader.cc(281)] could not read dos header from C:\WINDOWS\SYSTEM32\dxva2.dll
[0404/182205.811:ERROR:process_reader_win.cc(242)] ReadMemory at 0x67ca0000 of 64 bytes failed: 仅完成部分的 ReadProcessMemory 或 WriteProcessMemory 请求。 (0x12B)
[0404/182205.811:WARNING:pe_image_reader.cc(281)] could not read dos header from C:\WINDOWS\SYSTEM32\CompPkgSup.DLL
[0404/182205.811:ERROR:process_reader_win.cc(242)] ReadMemory at 0x61da0000 of 64 bytes failed: 仅完成部分的 ReadProcessMemory 或 WriteProcessMemory 请求。 (0x12B)
[0404/182205.811:WARNING:pe_image_reader.cc(281)] could not read dos header from C:\WINDOWS\SYSTEM32\msvproc.dll
[0404/182205.811:ERROR:process_reader_win.cc(242)] ReadMemory at 0x614c0000 of 64 bytes failed: 仅完成部分的 ReadProcessMemory 或 WriteProcessMemory 请求。 (0x12B)
[0404/182205.811:WARNING:pe_image_reader.cc(281)] could not read dos header from C:\WINDOWS\SYSTEM32\D3DCompiler_47.dll
[0404/182205.811:ERROR:process_reader_win.cc(242)] ReadMemory at 0x722b0000 of 64 bytes failed: 仅完成部分的 ReadProcessMemory 或 WriteProcessMemory 请求。 (0x12B)
[0404/182205.811:WARNING:pe_image_reader.cc(281)] could not read dos header from C:\WINDOWS\SYSTEM32\dwmapi.dll
[0404/182205.811:ERROR:process_reader_win.cc(242)] ReadMemory at 0x6d510000 of 64 bytes failed: 仅完成部分的 ReadProcessMemory 或 WriteProcessMemory 请求。 (0x12B)
[0404/182205.811:WARNING:pe_image_reader.cc(281)] could not read dos header from C:\WINDOWS\SYSTEM32\d3d9.dll
[0404/182205.812:ERROR:process_reader_win.cc(242)] ReadMemory at 0x611c0000 of 64 bytes failed: 仅完成部分的 ReadProcessMemory 或 WriteProcessMemory 请求。 (0x12B)
[0404/182205.812:WARNING:pe_image_reader.cc(281)] could not read dos header from C:\Program Files (x86)\Google\Chrome\Application\62.0.3202.62\libglesv2.dll
[0404/182205.812:ERROR:process_reader_win.cc(242)] ReadMemory at 0x64150000 of 64 bytes failed: 仅完成部分的 ReadProcessMemory 或 WriteProcessMemory 请求。 (0x12B)
[0404/182205.812:WARNING:pe_image_reader.cc(281)] could not read dos header from C:\Program Files (x86)\Google\Chrome\Application\62.0.3202.62\libegl.dll
[0404/182205.812:ERROR:process_reader_win.cc(242)] ReadMemory at 0x708e0000 of 64 bytes failed: 仅完成部分的 ReadProcessMemory 或 WriteProcessMemory 请求。 (0x12B)
[0404/182205.812:WARNING:pe_image_reader.cc(281)] could not read dos header from C:\WINDOWS\SYSTEM32\dxgi.dll
[0404/182205.812:ERROR:process_reader_win.cc(242)] ReadMemory at 0x6d680000 of 64 bytes failed: 仅完成部分的 ReadProcessMemory 或 WriteProcessMemory 请求。 (0x12B)
[0404/182205.812:WARNING:pe_image_reader.cc(281)] could not read dos header from C:\WINDOWS\SYSTEM32\d3d11.dll
[0404/182205.812:ERROR:process_reader_win.cc(242)] ReadMemory at 0x6c270000 of 64 bytes failed: 仅完成部分的 ReadProcessMemory 或 WriteProcessMemory 请求。 (0x12B)
[0404/182205.812:WARNING:pe_image_reader.cc(281)] could not read dos header from C:\WINDOWS\SYSTEM32\dcomp.dll
[0404/182205.812:ERROR:process_reader_win.cc(242)] ReadMemory at 0x6dbb0000 of 64 bytes failed: 仅完成部分的 ReadProcessMemory 或 WriteProcessMemory 请求。 (0x12B)
[0404/182205.812:WARNING:pe_image_reader.cc(281)] could not read dos header from C:\WINDOWS\SYSTEM32\NTASN1.dll
[0404/182205.812:ERROR:process_reader_win.cc(242)] ReadMemory at 0x6dbe0000 of 64 bytes failed: 仅完成部分的 ReadProcessMemory 或 WriteProcessMemory 请求。 (0x12B)
[0404/182205.812:WARNING:pe_image_reader.cc(281)] could not read dos header from C:\WINDOWS\SYSTEM32\ncrypt.dll
[0404/182205.812:ERROR:process_reader_win.cc(242)] ReadMemory at 0x5ffe0000 of 64 bytes failed: 仅完成部分的 ReadProcessMemory 或 WriteProcessMemory 请求。 (0x12B)
[0404/182205.812:WARNING:pe_image_reader.cc(281)] could not read dos header from C:\WINDOWS\System32\DriverStore\FileRepository\ki121026.inf_amd64_d9c66a7a4ae5623d\igd10iumd32.dll
[0404/182205.812:ERROR:process_reader_win.cc(242)] ReadMemory at 0x5b5d0000 of 64 bytes failed: 仅完成部分的 ReadProcessMemory 或 WriteProcessMemory 请求。 (0x12B)
[0404/182205.813:WARNING:pe_image_reader.cc(281)] could not read dos header from C:\WINDOWS\System32\DriverStore\FileRepository\ki121026.inf_amd64_d9c66a7a4ae5623d\igc32.dll
[0404/182205.813:ERROR:process_reader_win.cc(242)] ReadMemory at 0x74d60000 of 64 bytes failed: 仅完成部分的 ReadProcessMemory 或 WriteProcessMemory 请求。 (0x12B)
[0404/182205.813:WARNING:pe_image_reader.cc(281)] could not read dos header from C:\WINDOWS\System32\SETUPAPI.dll
[0404/182205.813:ERROR:process_reader_win.cc(242)] ReadMemory at 0x12160000 of 64 bytes failed: 仅完成部分的 ReadProcessMemory 或 WriteProcessMemory 请求。 (0x12B)
[0404/182205.813:WARNING:pe_image_reader.cc(281)] could not read dos header from C:\WINDOWS\System32\DriverStore\FileRepository\ki121026.inf_amd64_d9c66a7a4ae5623d\igd11dxva32.dll
[0404/182205.813:ERROR:process_reader_win.cc(242)] ReadMemory at 0x77490000 of 64 bytes failed: 仅完成部分的 ReadProcessMemory 或 WriteProcessMemory 请求。 (0x12B)
[0404/182205.813:WARNING:pe_image_reader.cc(281)] could not read dos header from C:\WINDOWS\System32\clbcatq.dll
[0404/182205.813:ERROR:process_reader_win.cc(242)] ReadMemory at 0x61b80000 of 64 bytes failed: 仅完成部分的 ReadProcessMemory 或 WriteProcessMemory 请求。 (0x12B)
[0404/182205.813:WARNING:pe_image_reader.cc(281)] could not read dos header from C:\Windows\System32\mfh264enc.dll
[0404/182205.813:ERROR:process_reader_win.cc(242)] ReadMemory at 0x6dae0000 of 64 bytes failed: 仅完成部分的 ReadProcessMemory 或 WriteProcessMemory 请求。 (0x12B)
[0404/182205.813:WARNING:pe_image_reader.cc(281)] could not read dos header from C:\WINDOWS\system32\uxtheme.dll
[0404/182205.813:ERROR:process_reader_win.cc(242)] ReadMemory at 0x77630000 of 64 bytes failed: 仅完成部分的 ReadProcessMemory 或 WriteProcessMemory 请求。 (0x12B)
[0404/182205.813:WARNING:pe_image_reader.cc(281)] could not read dos header from C:\WINDOWS\System32\MSCTF.dll
[0404/182206.127:ERROR:process_reader_win.cc(242)] ReadMemory at 0x1120000 of 64 bytes failed: 仅完成部分的 ReadProcessMemory 或 WriteProcessMemory 请求。 (0x12B)
[0404/182206.127:WARNING:pe_image_reader.cc(281)] could not read dos header from C:\Program Files (x86)\Google\Chrome\Application\chrome.exe
[0404/182206.128:ERROR:process_reader_win.cc(242)] ReadMemory at 0x77780000 of 64 bytes failed: 仅完成部分的 ReadProcessMemory 或 WriteProcessMemory 请求。 (0x12B)
[0404/182206.128:WARNING:pe_image_reader.cc(281)] could not read dos header from C:\WINDOWS\SYSTEM32\ntdll.dll
[0404/182206.128:ERROR:process_reader_win.cc(242)] ReadMemory at 0x746e0000 of 64 bytes failed: 仅完成部分的 ReadProcessMemory 或 WriteProcessMemory 请求。 (0x12B)
[0404/182206.128:WARNING:pe_image_reader.cc(281)] could not read dos header from C:\WINDOWS\System32\KERNELBASE.dll
[0404/182206.128:ERROR:process_reader_win.cc(242)] ReadMemory at 0x74610000 of 64 bytes failed: 仅完成部分的 ReadProcessMemory 或 WriteProcessMemory 请求。 (0x12B)
[0404/182206.128:WARNING:pe_image_reader.cc(281)] could not read dos header from C:\WINDOWS\System32\KERNEL32.DLL
[0404/182206.128:ERROR:process_reader_win.cc(242)] ReadMemory at 0x73d40000 of 64 bytes failed: 仅完成部分的 ReadProcessMemory 或 WriteProcessMemory 请求。 (0x12B)
[0404/182206.128:WARNING:pe_image_reader.cc(281)] could not read dos header from C:\WINDOWS\SYSTEM32\apphelp.dll
[0404/182206.128:ERROR:process_reader_win.cc(242)] ReadMemory at 0x76dc0000 of 64 bytes failed: 仅完成部分的 ReadProcessMemory 或 WriteProcessMemory 请求。 (0x12B)
[0404/182206.128:WARNING:pe_image_reader.cc(281)] could not read dos header from C:\WINDOWS\System32\msvcrt.dll
[0404/182206.128:ERROR:process_reader_win.cc(242)] ReadMemory at 0x74180000 of 64 bytes failed: 仅完成部分的 ReadProcessMemory 或 WriteProcessMemory 请求。 (0x12B)
[0404/182206.128:WARNING:pe_image_reader.cc(281)] could not read dos header from C:\WINDOWS\SYSTEM32\VERSION.dll
[0404/182206.128:ERROR:process_reader_win.cc(242)] ReadMemory at 0x5d660000 of 64 bytes failed: 仅完成部分的 ReadProcessMemory 或 WriteProcessMemory 请求。 (0x12B)
[0404/182206.192:WARNING:pe_image_reader.cc(281)] could not read dos header from C:\Program Files (x86)\Google\Chrome\Application\62.0.3202.62\chrome_elf.dll
[0404/182206.192:ERROR:process_reader_win.cc(242)] ReadMemory at 0x77160000 of 64 bytes failed: 仅完成部分的 ReadProcessMemory 或 WriteProcessMemory 请求。 (0x12B)
[0404/182206.192:WARNING:pe_image_reader.cc(281)] could not read dos header from C:\WINDOWS\System32\bcryptPrimitives.dll
[0404/182206.192:ERROR:process_reader_win.cc(242)] ReadMemory at 0x74190000 of 64 bytes failed: 仅完成部分的 ReadProcessMemory 或 WriteProcessMemory 请求。 (0x12B)
[0404/182206.192:WARNING:pe_image_reader.cc(281)] could not read dos header from C:\WINDOWS\System32\CRYPTBASE.dll
[0404/182206.192:ERROR:process_reader_win.cc(242)] ReadMemory at 0x741a0000 of 64 bytes failed: 仅完成部分的 ReadProcessMemory 或 WriteProcessMemory 请求。 (0x12B)
[0404/182206.192:WARNING:pe_image_reader.cc(281)] could not read dos header from C:\WINDOWS\System32\SspiCli.dll
[0404/182206.192:ERROR:process_reader_win.cc(242)] ReadMemory at 0x76d00000 of 64 bytes failed: 仅完成部分的 ReadProcessMemory 或 WriteProcessMemory 请求。 (0x12B)
[0404/182206.192:WARNING:pe_image_reader.cc(281)] could not read dos header from C:\WINDOWS\System32\RPCRT4.dll
[0404/182206.192:ERROR:process_reader_win.cc(242)] ReadMemory at 0x74560000 of 64 bytes failed: 仅完成部分的 ReadProcessMemory 或 WriteProcessMemory 请求。 (0x12B)
[0404/182206.192:WARNING:pe_image_reader.cc(281)] could not read dos header from C:\WINDOWS\System32\sechost.dll
[0404/182206.192:ERROR:process_reader_win.cc(242)] ReadMemory at 0x741c0000 of 64 bytes failed: 仅完成部分的 ReadProcessMemory 或 WriteProcessMemory 请求。 (0x12B)
[0404/182206.192:WARNING:pe_image_reader.cc(281)] could not read dos header from C:\WINDOWS\System32\ADVAPI32.dll
[0404/182206.193:ERROR:process_reader_win.cc(242)] ReadMemory at 0x74490000 of 64 bytes failed: 仅完成部分的 ReadProcessMemory 或 WriteProcessMemory 请求。 (0x12B)
[0404/182206.193:WARNING:pe_image_reader.cc(281)] could not read dos header from C:\WINDOWS\System32\PSAPI.DLL
[0404/182206.193:ERROR:process_reader_win.cc(242)] ReadMemory at 0x771c0000 of 64 bytes failed: 仅完成部分的 ReadProcessMemory 或 WriteProcessMemory 请求。 (0x12B)
[0404/182206.193:WARNING:pe_image_reader.cc(281)] could not read dos header from C:\WINDOWS\System32\ucrtbase.dll
[0404/182206.193:ERROR:process_reader_win.cc(242)] ReadMemory at 0x77520000 of 64 bytes failed: 仅完成部分的 ReadProcessMemory 或 WriteProcessMemory 请求。 (0x12B)
[0404/182206.193:WARNING:pe_image_reader.cc(281)] could not read dos header from C:\WINDOWS\System32\cfgmgr32.dll
[0404/182206.193:ERROR:process_reader_win.cc(242)] ReadMemory at 0x74240000 of 64 bytes failed: 仅完成部分的 ReadProcessMemory 或 WriteProcessMemory 请求。 (0x12B)
[0404/182206.193:WARNING:pe_image_reader.cc(281)] could not read dos header from C:\WINDOWS\System32\combase.dll
[0404/182206.193:ERROR:process_reader_win.cc(242)] ReadMemory at 0x75190000 of 64 bytes failed: 仅完成部分的 ReadProcessMemory 或 WriteProcessMemory 请求。 (0x12B)
[0404/182206.193:WARNING:pe_image_reader.cc(281)] could not read dos header from C:\WINDOWS\System32\shcore.dll
[0404/182206.193:ERROR:process_reader_win.cc(242)] ReadMemory at 0x74b50000 of 64 bytes failed: 仅完成部分的 ReadProcessMemory 或 WriteProcessMemory 请求。 (0x12B)
[0404/182206.193:WARNING:pe_image_reader.cc(281)] could not read dos header from C:\WINDOWS\System32\msvcp_win.dll
[0404/182206.193:ERROR:process_reader_win.cc(242)] ReadMemory at 0x75890000 of 64 bytes failed: 仅完成部分的 ReadProcessMemory 或 WriteProcessMemory 请求。 (0x12B)
[0404/182206.193:WARNING:pe_image_reader.cc(281)] could not read dos header from C:\WINDOWS\System32\win32u.dll
[0404/182206.193:ERROR:process_reader_win.cc(242)] ReadMemory at 0x772e0000 of 64 bytes failed: 仅完成部分的 ReadProcessMemory 或 WriteProcessMemory 请求。 (0x12B)
[0404/182206.193:WARNING:pe_image_reader.cc(281)] could not read dos header from C:\WINDOWS\System32\USER32.dll
[0404/182206.193:ERROR:process_reader_win.cc(242)] ReadMemory at 0x76e90000 of 64 bytes failed: 仅完成部分的 ReadProcessMemory 或 WriteProcessMemory 请求。 (0x12B)
[0404/182206.193:WARNING:pe_image_reader.cc(281)] could not read dos header from C:\WINDOWS\System32\gdi32full.dll
[0404/182206.193:ERROR:process_reader_win.cc(242)] ReadMemory at 0x77460000 of 64 bytes failed: 仅完成部分的 ReadProcessMemory 或 WriteProcessMemory 请求。 (0x12B)
[0404/182206.193:WARNING:pe_image_reader.cc(281)] could not read dos header from C:\WINDOWS\System32\GDI32.dll
[0404/182206.193:ERROR:process_reader_win.cc(242)] ReadMemory at 0x749b0000 of 64 bytes failed: 仅完成部分的 ReadProcessMemory 或 WriteProcessMemory 请求。 (0x12B)
[0404/182206.193:WARNING:pe_image_reader.cc(281)] could not read dos header from C:\WINDOWS\System32\IMM32.DLL
[0404/182206.193:ERROR:process_reader_win.cc(242)] ReadMemory at 0x75910000 of 64 bytes failed: 仅完成部分的 ReadProcessMemory 或 WriteProcessMemory 请求。 (0x12B)
[0404/182206.193:WARNING:pe_image_reader.cc(281)] could not read dos header from C:\WINDOWS\System32\shlwapi.dll
[0404/182206.194:ERROR:process_reader_win.cc(242)] ReadMemory at 0x75880000 of 64 bytes failed: 仅完成部分的 ReadProcessMemory 或 WriteProcessMemory 请求。 (0x12B)
[0404/182206.194:WARNING:pe_image_reader.cc(281)] could not read dos header from C:\WINDOWS\System32\kernel.appcore.dll
[0404/182206.194:ERROR:process_reader_win.cc(242)] ReadMemory at 0x76cb0000 of 64 bytes failed: 仅完成部分的 ReadProcessMemory 或 WriteProcessMemory 请求。 (0x12B)
[0404/182206.194:WARNING:pe_image_reader.cc(281)] could not read dos header from C:\WINDOWS\System32\powrprof.dll
[0404/182206.194:ERROR:process_reader_win.cc(242)] ReadMemory at 0x775c0000 of 64 bytes failed: 仅完成部分的 ReadProcessMemory 或 WriteProcessMemory 请求。 (0x12B)
[0404/182206.194:WARNING:pe_image_reader.cc(281)] could not read dos header from C:\WINDOWS\System32\profapi.dll
[0404/182206.194:ERROR:process_reader_win.cc(242)] ReadMemory at 0x752b0000 of 64 bytes failed: 仅完成部分的 ReadProcessMemory 或 WriteProcessMemory 请求。 (0x12B)
[0404/182206.194:WARNING:pe_image_reader.cc(281)] could not read dos header from C:\WINDOWS\System32\windows.storage.dll
[0404/182206.194:ERROR:process_reader_win.cc(242)] ReadMemory at 0x75960000 of 64 bytes failed: 仅完成部分的 ReadProcessMemory 或 WriteProcessMemory 请求。 (0x12B)
[0404/182206.194:WARNING:pe_image_reader.cc(281)] could not read dos header from C:\WINDOWS\System32\SHELL32.dll
[0404/182206.194:ERROR:process_reader_win.cc(242)] ReadMemory at 0x72470000 of 64 bytes failed: 仅完成部分的 ReadProcessMemory 或 WriteProcessMemory 请求。 (0x12B)
[0404/182206.194:WARNING:pe_image_reader.cc(281)] could not read dos header from C:\WINDOWS\SYSTEM32\WINMMBASE.dll
[0404/182206.194:ERROR:process_reader_win.cc(242)] ReadMemory at 0x72a10000 of 64 bytes failed: 仅完成部分的 ReadProcessMemory 或 WriteProcessMemory 请求。 (0x12B)
[0404/182206.194:WARNING:pe_image_reader.cc(281)] could not read dos header from C:\WINDOWS\SYSTEM32\WINMM.dll
[0404/182206.194:ERROR:process_reader_win.cc(242)] ReadMemory at 0x74140000 of 64 bytes failed: 仅完成部分的 ReadProcessMemory 或 WriteProcessMemory 请求。 (0x12B)
[0404/182206.194:WARNING:pe_image_reader.cc(281)] could not read dos header from C:\WINDOWS\SYSTEM32\USERENV.dll
[0404/182206.194:ERROR:process_reader_win.cc(242)] ReadMemory at 0x73000000 of 64 bytes failed: 仅完成部分的 ReadProcessMemory 或 WriteProcessMemory 请求。 (0x12B)
[0404/182206.194:WARNING:pe_image_reader.cc(281)] could not read dos header from C:\WINDOWS\SYSTEM32\WINHTTP.dll
[0404/182206.194:ERROR:process_reader_win.cc(242)] ReadMemory at 0x74a50000 of 64 bytes failed: 仅完成部分的 ReadProcessMemory 或 WriteProcessMemory 请求。 (0x12B)
[0404/182206.194:WARNING:pe_image_reader.cc(281)] could not read dos header from C:\WINDOWS\System32\ole32.dll
[0404/182206.194:ERROR:process_reader_win.cc(242)] ReadMemory at 0x744c0000 of 64 bytes failed: 仅完成部分的 ReadProcessMemory 或 WriteProcessMemory 请求。 (0x12B)
[0404/182206.194:WARNING:pe_image_reader.cc(281)] could not read dos header from C:\WINDOWS\System32\OLEAUT32.dll
[0404/182206.194:ERROR:process_reader_win.cc(242)] ReadMemory at 0x6bbc0000 of 64 bytes failed: 仅完成部分的 ReadProcessMemory 或 WriteProcessMemory 请求。 (0x12B)
[0404/182206.194:WARNING:pe_image_reader.cc(281)] could not read dos header from C:\WINDOWS\SYSTEM32\OLEACC.dll
[0404/182206.194:ERROR:process_reader_win.cc(242)] ReadMemory at 0x749e0000 of 64 bytes failed: 仅完成部分的 ReadProcessMemory 或 WriteProcessMemory 请求。 (0x12B)
[0404/182206.194:WARNING:pe_image_reader.cc(281)] could not read dos header from C:\WINDOWS\System32\WS2_32.dll
[0404/182206.194:ERROR:process_reader_win.cc(242)] ReadMemory at 0x73e50000 of 64 bytes failed: 仅完成部分的 ReadProcessMemory 或 WriteProcessMemory 请求。 (0x12B)
[0404/182206.194:WARNING:pe_image_reader.cc(281)] could not read dos header from C:\WINDOWS\SYSTEM32\NETAPI32.dll
[0404/182206.195:ERROR:process_reader_win.cc(242)] ReadMemory at 0x72300000 of 64 bytes failed: 仅完成部分的 ReadProcessMemory 或 WriteProcessMemory 请求。 (0x12B)
[0404/182206.195:WARNING:pe_image_reader.cc(281)] could not read dos header from C:\WINDOWS\SYSTEM32\NETUTILS.DLL
[0404/182206.195:ERROR:process_reader_win.cc(242)] ReadMemory at 0x732b0000 of 64 bytes failed: 仅完成部分的 ReadProcessMemory 或 WriteProcessMemory 请求。 (0x12B)
[0404/182206.195:WARNING:pe_image_reader.cc(281)] could not read dos header from C:\WINDOWS\SYSTEM32\bcrypt.dll
[0404/182206.195:ERROR:process_reader_win.cc(242)] ReadMemory at 0x72340000 of 64 bytes failed: 仅完成部分的 ReadProcessMemory 或 WriteProcessMemory 请求。 (0x12B)
[0404/182206.195:WARNING:pe_image_reader.cc(281)] could not read dos header from C:\WINDOWS\SYSTEM32\WKSCLI.DLL
[0404/182206.195:ERROR:process_reader_win.cc(242)] ReadMemory at 0x6b720000 of 64 bytes failed: 仅完成部分的 ReadProcessMemory 或 WriteProcessMemory 请求。 (0x12B)
[0404/182206.195:WARNING:pe_image_reader.cc(281)] could not read dos header from D:\Program Files (x86)\360\360Safe\safemon\safemon.dll
[0404/182206.195:ERROR:process_reader_win.cc(242)] ReadMemory at 0x56da0000 of 64 bytes failed: 仅完成部分的 ReadProcessMemory 或 WriteProcessMemory 请求。 (0x12B)
[0404/182206.195:WARNING:pe_image_reader.cc(281)] could not read dos header from D:\Program Files (x86)\360\360Safe\safemon\iNetSafe.dll
[0404/182206.195:ERROR:process_reader_win.cc(242)] ReadMemory at 0x76e80000 of 64 bytes failed: 仅完成部分的 ReadProcessMemory 或 WriteProcessMemory 请求。 (0x12B)
[0404/182206.195:WARNING:pe_image_reader.cc(281)] could not read dos header from C:\WINDOWS\System32\MSASN1.dll
[0404/182206.195:ERROR:process_reader_win.cc(242)] ReadMemory at 0x74bd0000 of 64 bytes failed: 仅完成部分的 ReadProcessMemory 或 WriteProcessMemory 请求。 (0x12B)
[0404/182206.195:WARNING:pe_image_reader.cc(281)] could not read dos header from C:\WINDOWS\System32\CRYPT32.dll
[0404/182206.195:ERROR:process_reader_win.cc(242)] ReadMemory at 0x775e0000 of 64 bytes failed: 仅完成部分的 ReadProcessMemory 或 WriteProcessMemory 请求。 (0x12B)
[0404/182206.195:WARNING:pe_image_reader.cc(281)] could not read dos header from C:\WINDOWS\System32\WINTRUST.dll
[0404/182206.195:ERROR:process_reader_win.cc(242)] ReadMemory at 0x6d8c0000 of 64 bytes failed: 仅完成部分的 ReadProcessMemory 或 WriteProcessMemory 请求。 (0x12B)
[0404/182206.195:WARNING:pe_image_reader.cc(281)] could not read dos header from C:\WINDOWS\WinSxS\x86_microsoft.windows.common-controls_6595b64144ccf1df_6.0.16299.125_none_5d79065fa7de350f\COMCTL32.dll
[0404/182206.195:ERROR:process_reader_win.cc(242)] ReadMemory at 0x748d0000 of 64 bytes failed: 仅完成部分的 ReadProcessMemory 或 WriteProcessMemory 请求。 (0x12B)
[0404/182206.195:WARNING:pe_image_reader.cc(281)] could not read dos header from C:\WINDOWS\System32\COMDLG32.dll
[0404/182206.195:ERROR:process_reader_win.cc(242)] ReadMemory at 0x72d30000 of 64 bytes failed: 仅完成部分的 ReadProcessMemory 或 WriteProcessMemory 请求。 (0x12B)
[0404/182206.195:WARNING:pe_image_reader.cc(281)] could not read dos header from C:\WINDOWS\SYSTEM32\dbghelp.dll
[0404/182206.195:ERROR:process_reader_win.cc(242)] ReadMemory at 0x6d470000 of 64 bytes failed: 仅完成部分的 ReadProcessMemory 或 WriteProcessMemory 请求。 (0x12B)
[0404/182206.195:WARNING:pe_image_reader.cc(281)] could not read dos header from C:\WINDOWS\SYSTEM32\USP10.dll
[0404/182206.195:ERROR:process_reader_win.cc(242)] ReadMemory at 0x73e70000 of 64 bytes failed: 仅完成部分的 ReadProcessMemory 或 WriteProcessMemory 请求。 (0x12B)
[0404/182206.195:WARNING:pe_image_reader.cc(281)] could not read dos header from C:\WINDOWS\SYSTEM32\IPHLPAPI.DLL
[0404/182206.195:ERROR:process_reader_win.cc(242)] ReadMemory at 0x70980000 of 64 bytes failed: 仅完成部分的 ReadProcessMemory 或 WriteProcessMemory 请求。 (0x12B)
[0404/182206.195:WARNING:pe_image_reader.cc(281)] could not read dos header from C:\WINDOWS\SYSTEM32\WINSPOOL.DRV
[0404/182206.196:ERROR:process_reader_win.cc(242)] ReadMemory at 0x70400000 of 64 bytes failed: 仅完成部分的 ReadProcessMemory 或 WriteProcessMemory 请求。 (0x12B)
[0404/182206.196:WARNING:pe_image_reader.cc(281)] could not read dos header from C:\WINDOWS\SYSTEM32\Secur32.dll
[0404/182206.196:ERROR:process_reader_win.cc(242)] ReadMemory at 0x6ca50000 of 64 bytes failed: 仅完成部分的 ReadProcessMemory 或 WriteProcessMemory 请求。 (0x12B)
[0404/182206.196:WARNING:pe_image_reader.cc(281)] could not read dos header from C:\WINDOWS\SYSTEM32\iertutil.dll
[0404/182206.196:ERROR:process_reader_win.cc(242)] ReadMemory at 0x744a0000 of 64 bytes failed: 仅完成部分的 ReadProcessMemory 或 WriteProcessMemory 请求。 (0x12B)
[0404/182206.196:WARNING:pe_image_reader.cc(281)] could not read dos header from C:\WINDOWS\System32\imagehlp.dll
[0404/182206.196:ERROR:process_reader_win.cc(242)] ReadMemory at 0x6cfb0000 of 64 bytes failed: 仅完成部分的 ReadProcessMemory 或 WriteProcessMemory 请求。 (0x12B)
[0404/182206.196:WARNING:pe_image_reader.cc(281)] could not read dos header from C:\WINDOWS\SYSTEM32\urlmon.dll
[0404/182206.196:ERROR:process_reader_win.cc(242)] ReadMemory at 0x63d10000 of 64 bytes failed: 仅完成部分的 ReadProcessMemory 或 WriteProcessMemory 请求。 (0x12B)
[0404/182206.196:WARNING:pe_image_reader.cc(281)] could not read dos header from C:\WINDOWS\SYSTEM32\DWrite.dll
[0404/182206.196:ERROR:process_reader_win.cc(242)] ReadMemory at 0xf1d0000 of 64 bytes failed: 仅完成部分的 ReadProcessMemory 或 WriteProcessMemory 请求。 (0x12B)
[0404/182206.196:WARNING:pe_image_reader.cc(281)] could not read dos header from C:\Program Files (x86)\Google\Chrome\Application\62.0.3202.62\chrome_child.dll
[0404/182206.196:ERROR:process_reader_win.cc(242)] ReadMemory at 0x63c80000 of 64 bytes failed: 仅完成部分的 ReadProcessMemory 或 WriteProcessMemory 请求。 (0x12B)
[0404/182206.196:WARNING:pe_image_reader.cc(281)] could not read dos header from C:\WINDOWS\SYSTEM32\mf.dll
[0404/182206.196:ERROR:process_reader_win.cc(242)] ReadMemory at 0x621f0000 of 64 bytes failed: 仅完成部分的 ReadProcessMemory 或 WriteProcessMemory 请求。 (0x12B)
[0404/182206.196:WARNING:pe_image_reader.cc(281)] could not read dos header from C:\WINDOWS\SYSTEM32\MFPlat.DLL
[0404/182206.196:ERROR:process_reader_win.cc(242)] ReadMemory at 0x67cc0000 of 64 bytes failed: 仅完成部分的 ReadProcessMemory 或 WriteProcessMemory 请求。 (0x12B)
[0404/182206.196:WARNING:pe_image_reader.cc(281)] could not read dos header from C:\WINDOWS\SYSTEM32\RTWorkQ.DLL
[0404/182206.196:ERROR:process_reader_win.cc(242)] ReadMemory at 0x61eb0000 of 64 bytes failed: 仅完成部分的 ReadProcessMemory 或 WriteProcessMemory 请求。 (0x12B)
[0404/182206.196:WARNING:pe_image_reader.cc(281)] could not read dos header from C:\WINDOWS\SYSTEM32\mfperfhelper.dll
[0404/182206.196:ERROR:process_reader_win.cc(242)] ReadMemory at 0x73450000 of 64 bytes failed: 仅完成部分的 ReadProcessMemory 或 WriteProcessMemory 请求。 (0x12B)
[0404/182206.196:WARNING:pe_image_reader.cc(281)] could not read dos header from C:\WINDOWS\SYSTEM32\cryptsp.dll
[0404/182206.196:ERROR:process_reader_win.cc(242)] ReadMemory at 0x61fc0000 of 64 bytes failed: 仅完成部分的 ReadProcessMemory 或 WriteProcessMemory 请求。 (0x12B)
[0404/182206.196:WARNING:pe_image_reader.cc(281)] could not read dos header from C:\WINDOWS\SYSTEM32\msmpeg2vdec.dll
[0404/182206.196:ERROR:process_reader_win.cc(242)] ReadMemory at 0x72630000 of 64 bytes failed: 仅完成部分的 ReadProcessMemory 或 WriteProcessMemory 请求。 (0x12B)
[0404/182206.196:WARNING:pe_image_reader.cc(281)] could not read dos header from C:\WINDOWS\SYSTEM32\dxva2.dll
[0404/182206.196:ERROR:process_reader_win.cc(242)] ReadMemory at 0x67ca0000 of 64 bytes failed: 仅完成部分的 ReadProcessMemory 或 WriteProcessMemory 请求。 (0x12B)
[0404/182206.196:WARNING:pe_image_reader.cc(281)] could not read dos header from C:\WINDOWS\SYSTEM32\CompPkgSup.DLL
[0404/182206.197:ERROR:process_reader_win.cc(242)] ReadMemory at 0x61da0000 of 64 bytes failed: 仅完成部分的 ReadProcessMemory 或 WriteProcessMemory 请求。 (0x12B)
[0404/182206.197:WARNING:pe_image_reader.cc(281)] could not read dos header from C:\WINDOWS\SYSTEM32\msvproc.dll
[0404/182206.197:ERROR:process_reader_win.cc(242)] ReadMemory at 0x614c0000 of 64 bytes failed: 仅完成部分的 ReadProcessMemory 或 WriteProcessMemory 请求。 (0x12B)
[0404/182206.197:WARNING:pe_image_reader.cc(281)] could not read dos header from C:\WINDOWS\SYSTEM32\D3DCompiler_47.dll
[0404/182206.197:ERROR:process_reader_win.cc(242)] ReadMemory at 0x722b0000 of 64 bytes failed: 仅完成部分的 ReadProcessMemory 或 WriteProcessMemory 请求。 (0x12B)
[0404/182206.197:WARNING:pe_image_reader.cc(281)] could not read dos header from C:\WINDOWS\SYSTEM32\dwmapi.dll
[0404/182206.197:ERROR:process_reader_win.cc(242)] ReadMemory at 0x6d510000 of 64 bytes failed: 仅完成部分的 ReadProcessMemory 或 WriteProcessMemory 请求。 (0x12B)
[0404/182206.197:WARNING:pe_image_reader.cc(281)] could not read dos header from C:\WINDOWS\SYSTEM32\d3d9.dll
[0404/182206.197:ERROR:process_reader_win.cc(242)] ReadMemory at 0x611c0000 of 64 bytes failed: 仅完成部分的 ReadProcessMemory 或 WriteProcessMemory 请求。 (0x12B)
[0404/182206.197:WARNING:pe_image_reader.cc(281)] could not read dos header from C:\Program Files (x86)\Google\Chrome\Application\62.0.3202.62\libglesv2.dll
[0404/182206.197:ERROR:process_reader_win.cc(242)] ReadMemory at 0x64150000 of 64 bytes failed: 仅完成部分的 ReadProcessMemory 或 WriteProcessMemory 请求。 (0x12B)
[0404/182206.197:WARNING:pe_image_reader.cc(281)] could not read dos header from C:\Program Files (x86)\Google\Chrome\Application\62.0.3202.62\libegl.dll
[0404/182206.197:ERROR:process_reader_win.cc(242)] ReadMemory at 0x708e0000 of 64 bytes failed: 仅完成部分的 ReadProcessMemory 或 WriteProcessMemory 请求。 (0x12B)
[0404/182206.197:WARNING:pe_image_reader.cc(281)] could not read dos header from C:\WINDOWS\SYSTEM32\dxgi.dll
[0404/182206.197:ERROR:process_reader_win.cc(242)] ReadMemory at 0x6d680000 of 64 bytes failed: 仅完成部分的 ReadProcessMemory 或 WriteProcessMemory 请求。 (0x12B)
[0404/182206.197:WARNING:pe_image_reader.cc(281)] could not read dos header from C:\WINDOWS\SYSTEM32\d3d11.dll
[0404/182206.197:ERROR:process_reader_win.cc(242)] ReadMemory at 0x6c270000 of 64 bytes failed: 仅完成部分的 ReadProcessMemory 或 WriteProcessMemory 请求。 (0x12B)
[0404/182206.197:WARNING:pe_image_reader.cc(281)] could not read dos header from C:\WINDOWS\SYSTEM32\dcomp.dll
[0404/182206.197:ERROR:process_reader_win.cc(242)] ReadMemory at 0x6dbb0000 of 64 bytes failed: 仅完成部分的 ReadProcessMemory 或 WriteProcessMemory 请求。 (0x12B)
[0404/182206.197:WARNING:pe_image_reader.cc(281)] could not read dos header from C:\WINDOWS\SYSTEM32\NTASN1.dll
[0404/182206.197:ERROR:process_reader_win.cc(242)] ReadMemory at 0x6dbe0000 of 64 bytes failed: 仅完成部分的 ReadProcessMemory 或 WriteProcessMemory 请求。 (0x12B)
[0404/182206.197:WARNING:pe_image_reader.cc(281)] could not read dos header from C:\WINDOWS\SYSTEM32\ncrypt.dll
[0404/182206.197:ERROR:process_reader_win.cc(242)] ReadMemory at 0x5ffe0000 of 64 bytes failed: 仅完成部分的 ReadProcessMemory 或 WriteProcessMemory 请求。 (0x12B)
[0404/182206.197:WARNING:pe_image_reader.cc(281)] could not read dos header from C:\WINDOWS\System32\DriverStore\FileRepository\ki121026.inf_amd64_d9c66a7a4ae5623d\igd10iumd32.dll
[0404/182206.197:ERROR:process_reader_win.cc(242)] ReadMemory at 0x5b5d0000 of 64 bytes failed: 仅完成部分的 ReadProcessMemory 或 WriteProcessMemory 请求。 (0x12B)
[0404/182206.197:WARNING:pe_image_reader.cc(281)] could not read dos header from C:\WINDOWS\System32\DriverStore\FileRepository\ki121026.inf_amd64_d9c66a7a4ae5623d\igc32.dll
[0404/182206.197:ERROR:process_reader_win.cc(242)] ReadMemory at 0x74d60000 of 64 bytes failed: 仅完成部分的 ReadProcessMemory 或 WriteProcessMemory 请求。 (0x12B)
[0404/182206.197:WARNING:pe_image_reader.cc(281)] could not read dos header from C:\WINDOWS\System32\SETUPAPI.dll
[0404/182206.197:ERROR:process_reader_win.cc(242)] ReadMemory at 0x12160000 of 64 bytes failed: 仅完成部分的 ReadProcessMemory 或 WriteProcessMemory 请求。 (0x12B)
[0404/182206.197:WARNING:pe_image_reader.cc(281)] could not read dos header from C:\WINDOWS\System32\DriverStore\FileRepository\ki121026.inf_amd64_d9c66a7a4ae5623d\igd11dxva32.dll
[0404/182206.197:ERROR:process_reader_win.cc(242)] ReadMemory at 0x77490000 of 64 bytes failed: 仅完成部分的 ReadProcessMemory 或 WriteProcessMemory 请求。 (0x12B)
[0404/182206.197:WARNING:pe_image_reader.cc(281)] could not read dos header from C:\WINDOWS\System32\clbcatq.dll
[0404/182206.197:ERROR:process_reader_win.cc(242)] ReadMemory at 0x61b80000 of 64 bytes failed: 仅完成部分的 ReadProcessMemory 或 WriteProcessMemory 请求。 (0x12B)
[0404/182206.197:WARNING:pe_image_reader.cc(281)] could not read dos header from C:\Windows\System32\mfh264enc.dll
[0404/182206.197:ERROR:process_reader_win.cc(242)] ReadMemory at 0x6dae0000 of 64 bytes failed: 仅完成部分的 ReadProcessMemory 或 WriteProcessMemory 请求。 (0x12B)
[0404/182206.197:WARNING:pe_image_reader.cc(281)] could not read dos header from C:\WINDOWS\system32\uxtheme.dll
[0404/182206.197:ERROR:process_reader_win.cc(242)] ReadMemory at 0x77630000 of 64 bytes failed: 仅完成部分的 ReadProcessMemory 或 WriteProcessMemory 请求。 (0x12B)
[0404/182206.197:WARNING:pe_image_reader.cc(281)] could not read dos header from C:\WINDOWS\System32\MSCTF.dll
[0404/182206.224:ERROR:process_reader_win.cc(242)] ReadMemory at 0xd3b000 of 20480 bytes failed: 仅完成部分的 ReadProcessMemory 或 WriteProcessMemory 请求。 (0x12B)
[0404/182206.224:ERROR:crash_report_exception_handler.cc(116)] WriteEverything failed
[0404/182206.226:ERROR:scoped_process_suspend.cc(39)] NtResumeProcess: 已尝试访问正在退出的过程。  (0xc000010a)
